[START OF SIMULATION]
0x00000000:	bun 161                  	PC=0x00000288
0x00000288:	mov sp,32764             	SP=0x00007FFC
0x0000028C:	call -156                	PC=0x00000020,MEM[0x00007FFC]=0x00000290
0x00000020:	mov r1,1                 	R1=0x00000001
0x00000024:	mov r10,512              	R10=0x00000200
0x00000028:	mov r20,262144           	R20=0x00040000
0x0000002C:	mov r25,1048576          	R25=0x00100000
0x00000030:	movs r2,-1               	R2=0xFFFFFFFF
0x00000034:	movs r9,42               	R9=0x0000002A
0x00000038:	movs r21,-1048576        	R21=0xFFF00000
0x0000003C:	ret                      	PC=MEM[0x00007FFC]=0x00000290
0x00000290:	call [r0+16]             	PC=0x00000040,MEM[0x00007FFC]=0x00000294
0x00000040:	add r1,ir,pc             	R1=IR+PC=0x083CE840,SR=0x00000000
0x00000044:	add r25,r1,sp            	R25=R1+SP=0x083D6838,SR=0x00000000
0x00000048:	movs r2,-1               	R2=0xFFFFFFFF
0x0000004C:	addi r3,r2,1             	R3=R2+0x00000001=0x00000000,SR=0x00000041
0x00000050:	sla r0,r21,r21,10        	R0:R21=R0:R21<<11=0x0000000080000000,SR=0x00000001
0x00000054:	subi r17,r21,1           	R17=R21-0x00000001=0x7FFFFFFF,SR=0x00000008
0x00000058:	sub r23,r17,r2           	R23=R17-R2=0x80000000,SR=0x00000019
0x0000005C:	ret                      	PC=MEM[0x00007FFC]=0x00000294
0x00000294:	mov r11,96               	R11=0x00000060
0x00000298:	sra r0,r11,r11,1         	R0:R11=R0:R11>>2=0x0000000000000018,SR=0x00000011
0x0000029C:	call [r11+0]             	PC=0x00000060,MEM[0x00007FFC]=0x000002A0
0x00000060:	mov r13,2097151          	R13=0x001FFFFF
0x00000064:	mov r14,2097151          	R14=0x001FFFFF
0x00000068:	mul r16,r15,r13,r14      	R16:R15=R13*R14=0x000003FFFFC00001,SR=0x00000011
0x0000006C:	sll r16,r15,r15,19       	R16:R15=R16:R15<<20=0x3FFFFC0000100000,SR=0x00000011
0x00000070:	add r18,r16,r0           	R18=R16+R0=0x3FFFFC00,SR=0x00000000
0x00000074:	movs r19,-1              	R19=0xFFFFFFFF
0x00000078:	muls r21,r20,r18,r19     	R21:R20=R18*R19=0xFFFFFFFFC0000400,SR=0x00000008
0x0000007C:	sra r21,r20,r20,27       	R21:R20=R21:R20>>28=0xFFFFFFFFFFFFFFFC,SR=0x00000008
0x00000080:	div r1,r22,r21,r20       	R1=R21%R20=0x00000003,R22=R21/R20=0x00000001,SR=0x00000009
0x00000084:	divs r1,r23,r21,r20      	R1=R21%R20=0xFFFFFFFF,R23=R21/R20=0x00000000,SR=0x00000049
0x00000088:	movs r25,-1              	R25=0xFFFFFFFF
0x0000008C:	muli r24,r25,2           	R24=R25*0x00000002=0xFFFFFFFE,SR=0x00000009
0x00000090:	muli r24,r25,-8          	R24=R25*0xFFFFFFF8=0x00000008,SR=0x00000001
0x00000094:	movs r25,-10             	R25=0xFFFFFFF6
0x00000098:	divi r24,r25,3           	R24=R25/0x00000003=0xFFFFFFFD,SR=0x00000001
0x0000009C:	modi r24,r25,3           	R24=R25%0x00000003=0xFFFFFFFF,SR=0x00000001
0x000000A0:	divi r24,r25,-6          	R24=R25/0xFFFFFFFA=0x00000001,SR=0x00000001
0x000000A4:	modi r24,r25,-6          	R24=R25%0xFFFFFFFA=0xFFFFFFFC,SR=0x00000001
0x000000A8:	div r0,r24,r24,r0        	R0=R24%R0=0x00000000,R24=R24/R0=0xFFFFFFFC,SR=0x00000021
0x000000AC:	ret                      	PC=MEM[0x00007FFC]=0x000002A0
0x000002A0:	call [r11+20]            	PC=0x000000B0,MEM[0x00007FFC]=0x000002A4
0x000000B0:	and r20,pc,ir            	R20=PC&IR=0x00000000,SR=0x00000061
0x000000B4:	or r21,ir,pc             	R21=IR|PC=0x1EBCE8B4,SR=0x00000021
0x000000B8:	not r22,ir               	R22=~IR=0xDD23FFFF,SR=0x00000031
0x000000BC:	xor r23,pc,pc            	R23=PC^PC=0x00000000,SR=0x00000061
0x000000C0:	ret                      	PC=MEM[0x00007FFC]=0x000002A4
0x000002A4:	call -121                	PC=0x000000C4,MEM[0x00007FFC]=0x000002A8
0x000000C4:	push r22,r23,r24,r25     	MEM[0x00007FF8]{0xDD23FFFF,0x00000000,0xFFFFFFFC,0xFFFFFFF6}={R22,R23,R24,R25}
0x000000C8:	l8 r22,[r0+648]          	R22=MEM[0x00000288]=0x03
0x000000CC:	l8 r23,[r0+649]          	R23=MEM[0x00000289]=0xC0
0x000000D0:	l8 r24,[r0+650]          	R24=MEM[0x0000028A]=0x7F
0x000000D4:	l8 r25,[r0+651]          	R25=MEM[0x0000028B]=0xFC
0x000000D8:	s8 [r0+648],r22          	MEM[0x00000288]=R22=0x03
0x000000DC:	s8 [r0+649],r23          	MEM[0x00000289]=R23=0xC0
0x000000E0:	s8 [r0+650],r24          	MEM[0x0000028A]=R24=0x7F
0x000000E4:	s8 [r0+651],r25          	MEM[0x0000028B]=R25=0xFC
0x000000E8:	l16 r22,[r0+324]         	R22=MEM[0x00000288]=0x03C0
0x000000EC:	l16 r24,[r0+325]         	R24=MEM[0x0000028A]=0x7FFC
0x000000F0:	s16 [r0+324],r22         	MEM[0x00000288]=R22=0x03C0
0x000000F4:	s16 [r0+325],r24         	MEM[0x0000028A]=R24=0x7FFC
0x000000F8:	l32 r22,[r0+162]         	R22=MEM[0x00000288]=0x03C07FFC
0x000000FC:	s32 [r0+162],r22         	MEM[0x00000288]=R22=0x03C07FFC
0x00000100:	pop r25,r24,r23,r22      	{R25,R24,R23,R22}=MEM[0x00007FE8]{0xFFFFFFF6,0xFFFFFFFC,0x00000000,0xDD23FFFF}
0x00000104:	push -                   	MEM[0x00007FF8]{}={}
0x00000108:	push r21,r22,r23,r24,r25 	MEM[0x00007FF8]{0x1EBCE8B4,0xDD23FFFF,0x00000000,0xFFFFFFFC,0xFFFFFFF6}={R21,R22,R23,R24,R25}
0x0000010C:	mov r21,176              	R21=0x000000B0
0x00000110:	l8 r22,[r21+0]           	R22=MEM[0x000000B0]=0x1A
0x00000114:	l8 r23,[r21+1]           	R23=MEM[0x000000B1]=0x9D
0x00000118:	l8 r24,[r21+2]           	R24=MEM[0x000000B2]=0xE0
0x0000011C:	l8 r25,[r21+3]           	R25=MEM[0x000000B3]=0x00
0x00000120:	s8 [r21+0],r22           	MEM[0x000000B0]=R22=0x1A
0x00000124:	s8 [r21+1],r23           	MEM[0x000000B1]=R23=0x9D
0x00000128:	s8 [r21+2],r24           	MEM[0x000000B2]=R24=0xE0
0x0000012C:	s8 [r21+3],r25           	MEM[0x000000B3]=R25=0x00
0x00000130:	sra r0,r21,r21,0         	R0:R21=R0:R21>>1=0x0000000000000058,SR=0x00000021
0x00000134:	l16 r22,[r21+0]          	R22=MEM[0x000000B0]=0x1A9D
0x00000138:	l16 r24,[r21+1]          	R24=MEM[0x000000B2]=0xE000
0x0000013C:	s16 [r21+0],r22          	MEM[0x000000B0]=R22=0x1A9D
0x00000140:	s16 [r21+1],r24          	MEM[0x000000B2]=R24=0xE000
0x00000144:	sra r0,r21,r21,0         	R0:R21=R0:R21>>1=0x000000000000002C,SR=0x00000021
0x00000148:	l32 r22,[r21+0]          	R22=MEM[0x000000B0]=0x1A9DE000
0x0000014C:	s32 [r21+0],r22          	MEM[0x000000B0]=R22=0x1A9DE000
0x00000150:	pop -                    	{}=MEM[0x00007FE4]{}
0x00000154:	pop r25,r24,r23,r22,r21  	{R25,R24,R23,R22,R21}=MEM[0x00007FE4]{0xFFFFFFF6,0xFFFFFFFC,0x00000000,0xDD23FFFF,0x1EBCE8B4}
0x00000158:	push r1,r2               	MEM[0x00007FF8]{0xFFFFFFFF,0xFFFFFFFF}={R1,R2}
0x0000015C:	push r3,r4,r5            	MEM[0x00007FF0]{0x00000000,0x00000000,0x00000000}={R3,R4,R5}
0x00000160:	push r6,r7,r8,r9         	MEM[0x00007FE4]{0x00000000,0x00000000,0x00000000,0x0000002A}={R6,R7,R8,R9}
0x00000164:	pop r9,r8                	{R9,R8}=MEM[0x00007FD4]{0x0000002A,0x00000000}
0x00000168:	pop r7,r6,r5             	{R7,R6,R5}=MEM[0x00007FDC]{0x00000000,0x00000000,0x00000000}
0x0000016C:	pop r4,r3,r2,r1          	{R4,R3,R2,R1}=MEM[0x00007FE8]{0x00000000,0x00000000,0xFFFFFFFF,0xFFFFFFFF}
0x00000170:	ret                      	PC=MEM[0x00007FFC]=0x000002A8
0x000002A8:	call [r0+93]             	PC=0x00000174,MEM[0x00007FFC]=0x000002AC
0x00000174:	xor sr,sr,sr             	SR=SR^SR=0x00000040,SR=0x00000040
0x00000178:	mov r1,1                 	R1=0x00000001
0x0000017C:	movs r2,-1               	R2=0xFFFFFFFF
0x00000180:	cmp r0,r0                	SR=0x00000040
0x00000184:	cmp r0,r1                	SR=0x00000011
0x00000188:	cmp r1,r0                	SR=0x00000000
0x0000018C:	sll r0,r1,r1,30          	R0:R1=R0:R1<<31=0x0000000080000000,SR=0x00000000
0x00000190:	mov r2,1                 	R2=0x00000001
0x00000194:	cmp r1,r2                	SR=0x00000008
0x00000198:	cmp r2,r1                	SR=0x00000019
0x0000019C:	cmp pc,ir                	SR=0x00000011
0x000001A0:	cmp pc,sp                	SR=0x00000011
0x000001A4:	cmp ir,sp                	SR=0x00000000
0x000001A8:	cmp r1,r2                	SR=0x00000008
0x000001AC:	cmp r2,r1                	SR=0x00000019
0x000001B0:	cmpi r0,0                	SR=0x00000040
0x000001B4:	cmpi r0,1                	SR=0x00000011
0x000001B8:	cmpi r0,-1               	SR=0x00000000
0x000001BC:	ret                      	PC=MEM[0x00007FFC]=0x000002AC
0x000002AC:	call -60                 	PC=0x000001C0,MEM[0x00007FFC]=0x000002B0
0x000001C0:	xor sr,sr,sr             	SR=SR^SR=0x00000040,SR=0x00000040
0x000001C4:	cmp r0,r0                	SR=0x00000040
0x000001C8:	bne 1                    	PC=0x000001CC
0x000001CC:	beq 1                    	PC=0x000001D4
0x000001D4:	blt 1                    	PC=0x000001D8
0x000001D8:	bge 1                    	PC=0x000001E0
0x000001E0:	mov r1,1                 	R1=0x00000001
0x000001E4:	cmp r1,r0                	SR=0x00000000
0x000001E8:	blt 1                    	PC=0x000001EC
0x000001EC:	bge 1                    	PC=0x000001F4
0x000001F4:	ble 1                    	PC=0x000001F8
0x000001F8:	bgt 1                    	PC=0x00000200
0x00000200:	mov r2,4                 	R2=0x00000004
0x00000204:	or sr,sr,r2              	SR=SR|R2=0x00000004,SR=0x00000004
0x00000208:	bni 1                    	PC=0x0000020C
0x0000020C:	biv 1                    	PC=0x00000214
0x00000214:	cmp r1,r1                	SR=0x00000044
0x00000218:	bgt 1                    	PC=0x0000021C
0x0000021C:	ble 1                    	PC=0x00000224
0x00000224:	cmp r1,r2                	SR=0x00000015
0x00000228:	bgt 1                    	PC=0x0000022C
0x0000022C:	ble 1                    	PC=0x00000234
0x00000234:	bge 1                    	PC=0x00000238
0x00000238:	blt 1                    	PC=0x00000240
0x00000240:	beq 1                    	PC=0x00000244
0x00000244:	bne 1                    	PC=0x0000024C
0x0000024C:	xor sr,sr,sr             	SR=SR^SR=0x00000040,SR=0x00000040
0x00000250:	biv 1                    	PC=0x00000254
0x00000254:	bni 1                    	PC=0x0000025C
0x0000025C:	bzd 1                    	PC=0x00000260
0x00000260:	bnz 1                    	PC=0x00000268
0x00000268:	bun 0                    	PC=0x0000026C
0x0000026C:	bun 1                    	PC=0x00000274
0x00000274:	divi r2,r1,0             	R2=R1/0x00000000=0x00000004,SR=0x00000060
0x00000278:	bnz 1                    	PC=0x0000027C
0x0000027C:	bzd 1                    	PC=0x00000284
0x00000284:	ret                      	PC=MEM[0x00007FFC]=0x000002B0
0x000002B0:	int 0                    	CR=0x00000000,PC=0x00000000
[END OF SIMULATION]
